0000-0cf7 : PCI Bus 0000:00
  0000-001f : dma1
  0020-0021 : pic1
  0040-0043 : timer0
  0050-0053 : timer1
  0060-0060 : keyboard
  0062-0062 : PNP0C09:00
    0062-0062 : EC data
  0064-0064 : keyboard
  0066-0066 : PNP0C09:00
    0066-0066 : EC cmd
  0070-0077 : rtc0
  0080-008f : dma page reg
  00a0-00a1 : pic2
  00c0-00df : dma2
  00f0-00ff : fpu
    00f0-00f0 : PNP0C04:00
  0200-027f : pnp 00:02
  0378-037a : parport0
  037b-037f : parport0
  03c0-03df : vesafb
  0400-047f : pnp 00:02
    0400-0403 : ACPI PM1a_EVT_BLK
    0404-0405 : ACPI PM1a_CNT_BLK
    0408-040b : ACPI PM_TMR
    0410-0415 : ACPI CPU throttle
    0420-042f : ACPI GPE0_BLK
    0430-0433 : iTCO_wdt.1.auto
      0430-0433 : iTCO_wdt
    0450-0450 : ACPI PM2_CNT_BLK
    0460-047f : iTCO_wdt.1.auto
      0460-047f : iTCO_wdt
  0500-057f : pnp 00:02
  0778-077a : parport0
0cf8-0cff : PCI conf1
0d00-ffff : PCI Bus 0000:00
  1000-100f : pnp 00:02
  2000-3fff : PCI Bus 0000:02
  4000-403f : 0000:00:02.0
  4040-405f : 0000:00:1f.2
    4040-405f : ahci
  4060-407f : 0000:00:19.0
  4080-4087 : 0000:00:1f.2
    4080-4087 : ahci
  4088-408f : 0000:00:1f.2
    4088-408f : ahci
  4090-4093 : 0000:00:1f.2
    4090-4093 : ahci
  4094-4097 : 0000:00:1f.2
    4094-4097 : ahci
  ef80-ef9f : pnp 00:02
  ffff-ffff : pnp 00:02
    ffff-ffff : pnp 00:02
